This is pdfTeX, Version 3.14159-1.10a-beta-20021115 (Web2C 7.3.11) (format=pdflatex 2002.12.5)  9 DEC 2002 18:01
**dummy
(./dummy.tex{/usr/local/teTeX/share/texmf/pdftex/config/pdftex.cfg}
LaTeX2e <2001/06/01>
Babel <v3.7h> and hyphenation patterns for american, french, german, ngerman, n
ohyphenation, loaded.
(/usr/local/teTeX/share/texmf-local/tex/latex/base/article.cls
Document Class: article 2001/04/21 v1.4e Standard LaTeX document class
(/usr/local/teTeX/share/texmf-local/tex/latex/base/size10.clo
File: size10.clo 2001/04/21 v1.4e Standard LaTeX file (size option)
)
\c@part=\count79
\c@section=\count80
\c@subsection=\count81
\c@subsubsection=\count82
\c@paragraph=\count83
\c@subparagraph=\count84
\c@figure=\count85
\c@table=\count86
\abovecaptionskip=\skip41
\belowcaptionskip=\skip42
\bibindent=\dimen102
)
(/usr/local/teTeX/share/texmf/tex/latex/graphics/graphicx.sty
Package: graphicx 1999/02/16 v1.0f Enhanced LaTeX Graphics (DPC,SPQR)

(/usr/local/teTeX/share/texmf/tex/latex/graphics/keyval.sty
Package: keyval 1999/03/16 v1.13 key=value parser (DPC)
\KV@toks@=\toks14
)
(/usr/local/teTeX/share/texmf/tex/latex/graphics/graphics.sty
Package: graphics 2001/07/07 v1.0n Standard LaTeX Graphics (DPC,SPQR)

(/usr/local/teTeX/share/texmf/tex/latex/graphics/trig.sty
Package: trig 1999/03/16 v1.09 sin cos tan (DPC)
)
(/usr/local/teTeX/share/texmf/tex/latex/config/graphics.cfg
File: graphics.cfg 2001/08/31 v1.1 graphics configuration of teTeX/TeXLive
)
Package graphics Info: Driver file: pdftex.def on input line 80.

(/home/andreas/texmf/tex/latex/required/graphics/pdftex.def
File: pdftex.def 2001/05/25 v0.03g graphics/color for pdftex
\Gread@gobject=\count87
))
\Gin@req@height=\dimen103
\Gin@req@width=\dimen104
)
(/usr/local/teTeX/share/texmf-local/tex/latex/base/ifthen.sty
Package: ifthen 2001/05/26 v1.1c Standard LaTeX ifthen package (DPC)
)
(/usr/local/teTeX/share/texmf/tex/latex/fancyhdr/fancyhdr.sty
\headwidth=\dimen105
)
(/usr/local/teTeX/share/texmf/tex/latex/graphics/color.sty
Package: color 1999/02/16 v1.0i Standard LaTeX Color (DPC)

(/usr/local/teTeX/share/texmf/tex/latex/config/color.cfg
File: color.cfg 2001/08/31 v1.1 color configuration of teTeX/TeXLive
)
Package color Info: Driver file: pdftex.def on input line 125.
)
(/usr/local/teTeX/share/texmf/tex/latex/graphics/lscape.sty
Package: lscape 2000/10/22 v3.01 Landscape Pages (DPC)
) (./dummy.aux)
\openout1 = `dummy.aux'.

LaTeX Font Info:    Checking defaults for OML/cmm/m/it on input line 22.
LaTeX Font Info:    ... okay on input line 22.
LaTeX Font Info:    Checking defaults for T1/cmr/m/n on input line 22.
LaTeX Font Info:    ... okay on input line 22.
LaTeX Font Info:    Checking defaults for OT1/cmr/m/n on input line 22.
LaTeX Font Info:    ... okay on input line 22.
LaTeX Font Info:    Checking defaults for OMS/cmsy/m/n on input line 22.
LaTeX Font Info:    ... okay on input line 22.
LaTeX Font Info:    Checking defaults for OMX/cmex/m/n on input line 22.
LaTeX Font Info:    ... okay on input line 22.
LaTeX Font Info:    Checking defaults for U/cmr/m/n on input line 22.
LaTeX Font Info:    ... okay on input line 22.

(/usr/local/teTeX/share/texmf/tex/context/base/supp-pdf.tex
(/usr/local/teTeX/share/texmf/tex/context/base/supp-mis.tex
loading : Context Support Macros / Missing
\protectiondepth=\count88
\scratchcounter=\count89
\scratchtoks=\toks15
\scratchdimen=\dimen106
\scratchskip=\skip43
\scratchmuskip=\muskip10
\scratchbox=\box26
\scratchread=\read1
\scratchwrite=\write3
\zeropoint=\dimen107
\minusone=\count90
\thousandpoint=\dimen108
\emptytoks=\toks16
\nextbox=\box27
\nextdepth=\dimen109
\everyline=\toks17
\!!counta=\count91
\!!countb=\count92
\recursecounter=\count93
)
loading : Context Support Macros / PDF
\nofMPsegments=\count94
\nofMParguments=\count95
\everyMPtoPDFconversion=\toks18
)
\c@mypage=\count96
 [1{/usr/local/teTeX/share/texmf/dvips/config/pdftex.map}

] [2] [3] [4]
[5] [6] [7] [8] [9]
Overfull \hbox (43.65808pt too wide) in paragraph at lines 39--39
 [][] 
 []

[10]
Overfull \hbox (43.65808pt too wide) in paragraph at lines 39--39
 [][] 
 []

[11]
Overfull \hbox (43.65808pt too wide) in paragraph at lines 39--39
 [][] 
 []

[12]
Overfull \hbox (43.65808pt too wide) in paragraph at lines 39--39
 [][] 
 []

[13]
Overfull \hbox (43.65808pt too wide) in paragraph at lines 39--39
 [][] 
 []

[14]
Overfull \hbox (43.65808pt too wide) in paragraph at lines 39--39
 [][] 
 []

[15]
Overfull \hbox (43.65808pt too wide) in paragraph at lines 39--39
 [][] 
 []

[16]
Overfull \hbox (43.65808pt too wide) in paragraph at lines 39--39
 [][] 
 []

[17]
Overfull \hbox (43.65808pt too wide) in paragraph at lines 39--39
 [][] 
 []

[18]
Overfull \hbox (43.65808pt too wide) in paragraph at lines 39--39
 [][] 
 []

[19]
Overfull \hbox (43.65808pt too wide) in paragraph at lines 39--39
 [][] 
 []

[20]
Overfull \hbox (43.65808pt too wide) in paragraph at lines 39--39
 [][] 
 []

[21]
Overfull \hbox (43.65808pt too wide) in paragraph at lines 39--39
 [][] 
 []

[22]
Overfull \hbox (43.65808pt too wide) in paragraph at lines 39--39
 [][] 
 []

[23]
Overfull \hbox (43.65808pt too wide) in paragraph at lines 39--39
 [][] 
 []

[24]
Overfull \hbox (43.65808pt too wide) in paragraph at lines 39--39
 [][] 
 []

[25]
Overfull \hbox (43.65808pt too wide) in paragraph at lines 39--39
 [][] 
 []

[26]
Overfull \hbox (43.65808pt too wide) in paragraph at lines 39--39
 [][] 
 []

[27]
Overfull \hbox (43.65808pt too wide) in paragraph at lines 39--39
 [][] 
 []

[28]
Overfull \hbox (43.65808pt too wide) in paragraph at lines 39--39
 [][] 
 []

[29]
Overfull \hbox (43.65808pt too wide) in paragraph at lines 39--39
 [][] 
 []

[30] (./dummy.aux) ) 
Here is how much of TeX's memory you used:
 1077 strings out of 60976
 13162 string characters out of 1189325
 58911 words of memory out of 1000001
 4116 multiletter control sequences out of 10000+50000
 4590 words of font info for 17 fonts, out of 500000 for 1000
 14 hyphenation exceptions out of 1000
 29i,11n,43p,197b,332s stack positions out of 1500i,500n,5000p,200000b,5000s
 101 PDF objects out of 300000
 0 named destinations out of 131072
 0 words of extra memory for PDF output out of 65536
</usr/local/teTeX/share/texmf/fonts/type1/bluesky/cm/cmr17.
pfb></usr/local/teTeX/share/texmf/fonts/type1/bluesky/cm/cmr12.pfb>
Output written on dummy.pdf (30 pages, 30894 bytes).
